<?xml version="1.0" encoding="UTF-8"?>
<!-- Generated by org.testng.reporters.JUnitXMLReporter -->
<testsuite ignored="0" hostname="kaverishravani" failures="1" tests="4" name="chromebrowser" time="20.14" errors="0" timestamp="2025-05-01T09:17:24 EDT">
  <testcase classname="Test.TC001_ClickMakeAptbtn" name="verifyClickMakeAppbtnWorks" time="0.469"/>
  <testcase classname="Test.TC003_BookApt" name="bookAppointment" time="3.735"/>
  <testcase classname="Test.TC004_Logout" name="Logout" time="2.26">
    <failure type="java.lang.AssertionError" message="expected [true] but found [false]">
      <![CDATA[java.lang.AssertionError: expected [true] but found [false]
at Test.TC004_Logout.Logout(TC004_Logout.java:28)
at java.base/java.util.ArrayList.forEach(ArrayList.java:1604)
... Removed 29 stack frames]]>
    </failure>
  </testcase> <!-- Logout -->
  <testcase classname="Test.TC002_Login" name="verifyLogin" time="1.415"/>
</testsuite> <!-- chromebrowser -->
