<?xml version="1.0" encoding="UTF-8"?>
<!-- Generated by org.testng.reporters.JUnitXMLReporter -->
<testsuite ignored="0" hostname="kaverishravani" failures="0" tests="5" name="chromebrowser" time="25.578" errors="0" timestamp="2025-04-29T10:53:50 EDT">
  <testcase classname="Test.TC001_ClickMakeAptbtn" name="verifyClickMakeAppbtnWorks" time="0.564"/>
  <testcase classname="Test.TC003_BookApt" name="bookAppointment" time="2.37"/>
  <testcase classname="Test.Login_DataDriven" name="LoginDatadriver" time="7.0"/>
  <testcase classname="Test.TC004_Logout" name="Logout" time="1.742"/>
  <testcase classname="Test.TC002_Login" name="verifyLogin" time="1.254"/>
</testsuite> <!-- chromebrowser -->
