<?xml version="1.0" encoding="UTF-8"?>
<!-- Generated by org.testng.reporters.JUnitXMLReporter -->
<testsuite ignored="0" hostname="kaverishravani" failures="0" tests="5" name="Test" time="0.078" errors="0" timestamp="2025-04-28T14:17:50 EDT">
  <testcase classname="Test.BaseTest" name="@BeforeClass setupBroswer" time="-1.745864270021E9">
    <failure type="org.testng.TestNGException" message="
Parameter &amp;apos;browser&amp;apos; is required by BeforeClass on method setupBroswer but has not been marked @Optional or defined
in C:\Users\kaver\eclipse-workspace\CuraHealthCare\testng.xml">
      <![CDATA[org.testng.TestNGException: 
Parameter 'browser' is required by BeforeClass on method setupBroswer but has not been marked @Optional or defined
in C:\Users\kaver\eclipse-workspace\CuraHealthCare\testng.xml
at java.base/java.util.ArrayList.forEach(ArrayList.java:1604)
... Removed 22 stack frames]]>
    </failure>
  </testcase> <!-- @BeforeClass setupBroswer -->
  <testcase classname="Test.BaseTest" name="@BeforeClass setupBroswer" time="-1.745864270054E9">
    <failure type="org.testng.TestNGException" message="
Parameter &amp;apos;browser&amp;apos; is required by BeforeClass on method setupBroswer but has not been marked @Optional or defined
in C:\Users\kaver\eclipse-workspace\CuraHealthCare\testng.xml">
      <![CDATA[org.testng.TestNGException: 
Parameter 'browser' is required by BeforeClass on method setupBroswer but has not been marked @Optional or defined
in C:\Users\kaver\eclipse-workspace\CuraHealthCare\testng.xml
at java.base/java.util.ArrayList.forEach(ArrayList.java:1604)
... Removed 22 stack frames]]>
    </failure>
  </testcase> <!-- @BeforeClass setupBroswer -->
  <testcase classname="Test.BaseTest" name="@BeforeClass setupBroswer" time="-1.74586427006E9">
    <failure type="org.testng.TestNGException" message="
Parameter &amp;apos;browser&amp;apos; is required by BeforeClass on method setupBroswer but has not been marked @Optional or defined
in C:\Users\kaver\eclipse-workspace\CuraHealthCare\testng.xml">
      <![CDATA[org.testng.TestNGException: 
Parameter 'browser' is required by BeforeClass on method setupBroswer but has not been marked @Optional or defined
in C:\Users\kaver\eclipse-workspace\CuraHealthCare\testng.xml
at java.base/java.util.ArrayList.forEach(ArrayList.java:1604)
... Removed 22 stack frames]]>
    </failure>
  </testcase> <!-- @BeforeClass setupBroswer -->
  <testcase classname="Test.BaseTest" name="@BeforeClass setupBroswer" time="-1.745864270067E9">
    <failure type="org.testng.TestNGException" message="
Parameter &amp;apos;browser&amp;apos; is required by BeforeClass on method setupBroswer but has not been marked @Optional or defined
in C:\Users\kaver\eclipse-workspace\CuraHealthCare\testng.xml">
      <![CDATA[org.testng.TestNGException: 
Parameter 'browser' is required by BeforeClass on method setupBroswer but has not been marked @Optional or defined
in C:\Users\kaver\eclipse-workspace\CuraHealthCare\testng.xml
at java.base/java.util.ArrayList.forEach(ArrayList.java:1604)
... Removed 22 stack frames]]>
    </failure>
  </testcase> <!-- @BeforeClass setupBroswer -->
  <testcase classname="Test.BaseTest" name="@BeforeClass setupBroswer" time="-1.745864270072E9">
    <failure type="org.testng.TestNGException" message="
Parameter &amp;apos;browser&amp;apos; is required by BeforeClass on method setupBroswer but has not been marked @Optional or defined
in C:\Users\kaver\eclipse-workspace\CuraHealthCare\testng.xml">
      <![CDATA[org.testng.TestNGException: 
Parameter 'browser' is required by BeforeClass on method setupBroswer but has not been marked @Optional or defined
in C:\Users\kaver\eclipse-workspace\CuraHealthCare\testng.xml
at java.base/java.util.ArrayList.forEach(ArrayList.java:1604)
... Removed 22 stack frames]]>
    </failure>
  </testcase> <!-- @BeforeClass setupBroswer -->
  <testcase classname="Test.TC001_ClickMakeAptbtn" name="verifyClickMakeAppbtnWorks" time="0.0">
    <skipped/>
  </testcase> <!-- verifyClickMakeAppbtnWorks -->
  <testcase classname="Test.TC003_BookApt" name="bookAppointment" time="0.0">
    <skipped/>
  </testcase> <!-- bookAppointment -->
  <testcase classname="Test.Login_DataDriven" name="LoginDatadriver" time="0.0">
    <skipped/>
  </testcase> <!-- LoginDatadriver -->
  <testcase classname="Test.TC004_Logout" name="Logout" time="0.0">
    <skipped/>
  </testcase> <!-- Logout -->
  <testcase classname="Test.TC002_Login" name="verifyLogin" time="0.0">
    <skipped/>
  </testcase> <!-- verifyLogin -->
</testsuite> <!-- Test -->
