<?xml version="1.0" encoding="UTF-8"?>
<testng-results ignored="0" total="5" passed="5" failed="0" skipped="0">
  <reporter-output>
  </reporter-output>
  <suite started-at="2025-04-29T10:53:25 EDT" name="Suite" finished-at="2025-04-29T10:53:50 EDT" duration-ms="25578">
    <groups>
    </groups>
    <test started-at="2025-04-29T10:53:25 EDT" name="chromebrowser" finished-at="2025-04-29T10:53:50 EDT" duration-ms="25578">
      <class name="Test.TC002_Login">
        <test-method is-config="true" signature="setupBroswer(java.lang.String)[pri:0, instance:Test.TC002_Login@7f3b84b8]" started-at="2025-04-29T10:53:47 EDT" name="setupBroswer" finished-at="2025-04-29T10:53:49 EDT" duration-ms="2106" status="PASS">
          <params>
            <param index="0">
              <value>
                <![CDATA[chrome]]>
              </value>
            </param>
          </params>
          <reporter-output>
          </reporter-output>
        </test-method> <!-- setupBroswer -->
        <test-method signature="verifyLogin()[pri:0, instance:Test.TC002_Login@7f3b84b8]" started-at="2025-04-29T10:53:49 EDT" name="verifyLogin" finished-at="2025-04-29T10:53:50 EDT" duration-ms="1254" status="PASS">
          <reporter-output>
          </reporter-output>
        </test-method> <!-- verifyLogin -->
        <test-method is-config="true" signature="tearDown()[pri:0, instance:Test.TC002_Login@7f3b84b8]" started-at="2025-04-29T10:53:50 EDT" name="tearDown" finished-at="2025-04-29T10:53:50 EDT" duration-ms="240" status="PASS">
          <reporter-output>
          </reporter-output>
        </test-method> <!-- tearDown -->
      </class> <!-- Test.TC002_Login -->
      <class name="Test.TC003_BookApt">
        <test-method is-config="true" signature="setupBroswer(java.lang.String)[pri:0, instance:Test.TC003_BookApt@131774fe]" started-at="2025-04-29T10:53:29 EDT" name="setupBroswer" finished-at="2025-04-29T10:53:31 EDT" duration-ms="2177" status="PASS">
          <params>
            <param index="0">
              <value>
                <![CDATA[chrome]]>
              </value>
            </param>
          </params>
          <reporter-output>
          </reporter-output>
        </test-method> <!-- setupBroswer -->
        <test-method signature="bookAppointment()[pri:0, instance:Test.TC003_BookApt@131774fe]" started-at="2025-04-29T10:53:31 EDT" name="bookAppointment" finished-at="2025-04-29T10:53:33 EDT" duration-ms="2370" status="PASS">
          <reporter-output>
          </reporter-output>
        </test-method> <!-- bookAppointment -->
        <test-method is-config="true" signature="tearDown()[pri:0, instance:Test.TC003_BookApt@131774fe]" started-at="2025-04-29T10:53:33 EDT" name="tearDown" finished-at="2025-04-29T10:53:33 EDT" duration-ms="229" status="PASS">
          <reporter-output>
          </reporter-output>
        </test-method> <!-- tearDown -->
      </class> <!-- Test.TC003_BookApt -->
      <class name="Test.TC001_ClickMakeAptbtn">
        <test-method is-config="true" signature="setupBroswer(java.lang.String)[pri:0, instance:Test.TC001_ClickMakeAptbtn@223d2c72]" started-at="2025-04-29T10:53:25 EDT" name="setupBroswer" finished-at="2025-04-29T10:53:28 EDT" duration-ms="3078" status="PASS">
          <params>
            <param index="0">
              <value>
                <![CDATA[chrome]]>
              </value>
            </param>
          </params>
          <reporter-output>
          </reporter-output>
        </test-method> <!-- setupBroswer -->
        <test-method signature="verifyClickMakeAppbtnWorks()[pri:0, instance:Test.TC001_ClickMakeAptbtn@223d2c72]" started-at="2025-04-29T10:53:28 EDT" name="verifyClickMakeAppbtnWorks" finished-at="2025-04-29T10:53:28 EDT" duration-ms="564" status="PASS">
          <reporter-output>
          </reporter-output>
        </test-method> <!-- verifyClickMakeAppbtnWorks -->
        <test-method is-config="true" signature="tearDown()[pri:0, instance:Test.TC001_ClickMakeAptbtn@223d2c72]" started-at="2025-04-29T10:53:28 EDT" name="tearDown" finished-at="2025-04-29T10:53:29 EDT" duration-ms="283" status="PASS">
          <reporter-output>
          </reporter-output>
        </test-method> <!-- tearDown -->
      </class> <!-- Test.TC001_ClickMakeAptbtn -->
      <class name="Test.Login_DataDriven">
        <test-method is-config="true" signature="setupBroswer(java.lang.String)[pri:0, instance:Test.Login_DataDriven@158d2680]" started-at="2025-04-29T10:53:33 EDT" name="setupBroswer" finished-at="2025-04-29T10:53:35 EDT" duration-ms="1963" status="PASS">
          <params>
            <param index="0">
              <value>
                <![CDATA[chrome]]>
              </value>
            </param>
          </params>
          <reporter-output>
          </reporter-output>
        </test-method> <!-- setupBroswer -->
        <test-method signature="LoginDatadriver()[pri:0, instance:Test.Login_DataDriven@158d2680]" started-at="2025-04-29T10:53:35 EDT" name="LoginDatadriver" finished-at="2025-04-29T10:53:42 EDT" duration-ms="7000" status="PASS">
          <reporter-output>
          </reporter-output>
        </test-method> <!-- LoginDatadriver -->
        <test-method is-config="true" signature="tearDown()[pri:0, instance:Test.Login_DataDriven@158d2680]" started-at="2025-04-29T10:53:42 EDT" name="tearDown" finished-at="2025-04-29T10:53:43 EDT" duration-ms="219" status="PASS">
          <reporter-output>
          </reporter-output>
        </test-method> <!-- tearDown -->
      </class> <!-- Test.Login_DataDriven -->
      <class name="Test.TC004_Logout">
        <test-method is-config="true" signature="setupBroswer(java.lang.String)[pri:0, instance:Test.TC004_Logout@77847718]" started-at="2025-04-29T10:53:43 EDT" name="setupBroswer" finished-at="2025-04-29T10:53:45 EDT" duration-ms="1900" status="PASS">
          <params>
            <param index="0">
              <value>
                <![CDATA[chrome]]>
              </value>
            </param>
          </params>
          <reporter-output>
          </reporter-output>
        </test-method> <!-- setupBroswer -->
        <test-method signature="Logout()[pri:0, instance:Test.TC004_Logout@77847718]" started-at="2025-04-29T10:53:45 EDT" name="Logout" finished-at="2025-04-29T10:53:46 EDT" duration-ms="1742" status="PASS">
          <reporter-output>
          </reporter-output>
        </test-method> <!-- Logout -->
        <test-method is-config="true" signature="tearDown()[pri:0, instance:Test.TC004_Logout@77847718]" started-at="2025-04-29T10:53:46 EDT" name="tearDown" finished-at="2025-04-29T10:53:47 EDT" duration-ms="368" status="PASS">
          <reporter-output>
          </reporter-output>
        </test-method> <!-- tearDown -->
      </class> <!-- Test.TC004_Logout -->
    </test> <!-- chromebrowser -->
  </suite> <!-- Suite -->
</testng-results>
